2024-09-05 10:27:16,434 INFO Classe: main - Opcão 2 iniciada.
2024-09-05 10:27:16,436 INFO Classe: main - Iniciando método lab01s02...
2024-09-05 10:27:16,436 INFO Classe: main - Opcão 2 finalizada.
2024-09-05 10:30:19,404 INFO Classe: main - Opção inválida. Tente novamente.
2024-09-05 10:31:35,900 INFO Classe: main - Opcão 2 iniciada.
2024-09-05 10:31:35,901 INFO Classe: main - Iniciando método lab01s02...
2024-09-05 10:31:35,901 INFO Classe: main - Opcão 2 finalizada.
2024-09-05 10:32:51,567 INFO Classe: main - Opção inválida. Tente novamente.
2024-09-05 10:32:58,618 INFO Classe: main - Opcão 2 iniciada.
2024-09-05 10:32:58,623 INFO Classe: main - Iniciando método lab01s02...
2024-09-05 10:32:58,623 INFO Classe: main - Opcão 2 finalizada.
2024-09-05 10:41:11,881 INFO Classe: main - Opcão 2 iniciada.
2024-09-05 10:41:11,884 INFO Classe: main - Iniciando método lab01s02...
2024-09-05 10:41:11,885 INFO Classe: main - Opcão 2 finalizada.
2024-09-05 10:43:16,561 INFO Classe: main - Opção inválida. Tente novamente.
2024-09-05 10:43:17,805 INFO Classe: main - Opcão 2 iniciada.
2024-09-05 10:43:17,805 INFO Classe: main - Iniciando método lab01s02...
2024-09-05 10:43:17,805 INFO Classe: main - Opcão 2 finalizada.
2024-09-05 10:43:18,717 INFO Classe: main - Opcão 2 iniciada.
2024-09-05 10:43:18,717 INFO Classe: main - Iniciando método lab01s02...
2024-09-05 10:43:18,718 INFO Classe: main - Opcão 2 finalizada.
2024-09-05 10:43:21,020 INFO Classe: main - Opção inválida. Tente novamente.
2024-09-05 10:43:21,453 INFO Classe: main - Opção inválida. Tente novamente.
2024-09-05 10:43:21,592 INFO Classe: main - Opção inválida. Tente novamente.
2024-09-05 10:43:21,779 INFO Classe: main - Opção inválida. Tente novamente.
2024-09-05 10:43:21,964 INFO Classe: main - Opção inválida. Tente novamente.
2024-09-05 10:43:22,152 INFO Classe: main - Opção inválida. Tente novamente.
2024-09-05 10:43:24,446 INFO Classe: main - Opcão 2 iniciada.
2024-09-05 10:43:24,446 INFO Classe: main - Iniciando método lab01s02...
2024-09-05 10:43:24,446 INFO Classe: main - Opcão 2 finalizada.
2024-09-05 10:44:04,089 INFO Classe: main - Opção inválida. Tente novamente.
2024-09-05 10:54:15,473 INFO Classe: main - Opcão 2 iniciada.
2024-09-05 10:54:15,474 INFO Classe: main - Iniciando método lab01s02...
2024-09-05 11:27:59,373 INFO Classe: main - Dados escritos com sucesso no arquivo CSV 'resultado.csv'.
2024-09-05 11:29:00,371 INFO Classe: main - Gráficos gerados com sucesso.
2024-09-05 11:29:00,371 INFO Classe: main - Opcão 2 finalizada.
2024-09-05 11:34:03,820 INFO Classe: main - Opção inválida. Tente novamente.
2024-09-05 11:34:23,337 INFO Classe: main - Opcão 2 iniciada.
2024-09-05 11:34:23,338 INFO Classe: main - Iniciando método lab01s02...
2024-09-05 11:48:36,868 INFO Classe: main - Opcão 2 iniciada.
2024-09-05 11:48:36,868 INFO Classe: main - Iniciando método lab01s02...
2024-09-05 13:22:58,328 INFO Classe: main - Opcão 2 iniciada.
2024-09-05 13:22:58,329 INFO Classe: main - Iniciando método lab01s02...
2024-09-05 13:51:38,630 INFO Classe: main - Opcão 2 iniciada.
2024-09-05 13:51:38,630 INFO Classe: main - Iniciando método lab01s02...
2024-09-05 14:23:10,480 INFO Classe: main - Dados escritos com sucesso no arquivo CSV 'resultado.csv'.
2024-09-05 14:24:54,295 INFO Classe: main - Opcão 2 iniciada.
2024-09-05 14:24:54,296 INFO Classe: main - Iniciando método lab01s02...
2024-09-05 14:56:15,830 INFO Classe: main - Dados escritos com sucesso no arquivo CSV 'resultado.csv'.
2024-09-05 14:59:34,871 INFO Classe: main - Opcão 2 iniciada.
2024-09-05 14:59:34,872 INFO Classe: main - Iniciando método lab01s02...
2024-09-05 15:26:08,765 INFO Classe: main - Dados escritos com sucesso no arquivo CSV 'resultado.csv'.
2024-09-05 16:04:04,083 INFO Classe: main - Gráficos gerados com sucesso.
2024-09-05 16:04:04,206 INFO Classe: main - Opcão 2 finalizada.
2024-09-05 16:04:04,209 INFO Classe: main - Opção inválida. Tente novamente.
